[debug] [2026-04-12T01:05:45.773Z] ----------------------------------------------------------------------
[debug] [2026-04-12T01:05:45.779Z] Command:       /usr/local/bin/node /usr/local/bin/firebase init
[debug] [2026-04-12T01:05:45.779Z] CLI Version:   15.14.0
[debug] [2026-04-12T01:05:45.779Z] Platform:      darwin
[debug] [2026-04-12T01:05:45.779Z] Node Version:  v24.14.1
[debug] [2026-04-12T01:05:45.779Z] Time:          Sat Apr 11 2026 19:05:45 GMT-0600 (Mountain Daylight Time)
[debug] [2026-04-12T01:05:45.779Z] ----------------------------------------------------------------------
[debug] 
[info] 
     ######## #### ########  ######## ########     ###     ######  ########
     ##        ##  ##     ## ##       ##     ##  ##   ##  ##       ##
     ######    ##  ########  ######   ########  #########  ######  ######
     ##        ##  ##    ##  ##       ##     ## ##     ##       ## ##
     ##       #### ##     ## ######## ########  ##     ##  ######  ########

You're about to initialize a Firebase project in this directory:

  /Users/coleridgway/Library/CloudStorage/GoogleDrive-cridg19@gmail.com/My Drive/Quarto Website/Ridgway-Math-Resources

[info] 
=== Project Setup
[info] 
[info] First, let's associate this project directory with a Firebase project.
[info] You can create multiple project aliases by running firebase use --add, 
[info] 
[debug] [2026-04-12T01:06:28.126Z] > command requires scopes: ["email","openid","https://www.googleapis.com/auth/cloudplatformprojects.readonly","https://www.googleapis.com/auth/firebase","https://www.googleapis.com/auth/cloud-platform"]
[debug] [2026-04-12T01:06:28.126Z] > authorizing via signed-in user (cridg19@gmail.com)
[debug] [2026-04-12T01:06:28.131Z] Checked if tokens are valid: true, expires at: 1775959526780
[debug] [2026-04-12T01:06:28.131Z] Checked if tokens are valid: true, expires at: 1775959526780
[debug] [2026-04-12T01:06:28.134Z] >>> [apiv2][query] GET https://firebase.googleapis.com/v1beta1/projects pageSize=100
[debug] [2026-04-12T01:06:28.935Z] <<< [apiv2][status] GET https://firebase.googleapis.com/v1beta1/projects 200
[debug] [2026-04-12T01:06:28.935Z] <<< [apiv2][body] GET https://firebase.googleapis.com/v1beta1/projects [omitted]
[info] 
=== Dataconnect Setup
[info] i  dataconnect: ensuring required API firebasedataconnect.googleapis.com is enabled... 
[debug] [2026-04-12T01:06:34.713Z] Checked if tokens are valid: true, expires at: 1775959526780
[debug] [2026-04-12T01:06:34.713Z] Checked if tokens are valid: true, expires at: 1775959526780
[info] i  dataconnect: ensuring required API sqladmin.googleapis.com is enabled... 
[debug] [2026-04-12T01:06:34.713Z] Checked if tokens are valid: true, expires at: 1775959526780
[debug] [2026-04-12T01:06:34.713Z] Checked if tokens are valid: true, expires at: 1775959526780
[debug] [2026-04-12T01:06:34.713Z] >>> [apiv2][query] GET https://serviceusage.googleapis.com/v1/projects/math-resources-53500/services/firebasedataconnect.googleapis.com [none]
[debug] [2026-04-12T01:06:34.713Z] >>> [apiv2][(partial)header] GET https://serviceusage.googleapis.com/v1/projects/math-resources-53500/services/firebasedataconnect.googleapis.com  x-goog-user-project=math-resources-53500
[debug] [2026-04-12T01:06:34.714Z] >>> [apiv2][query] GET https://serviceusage.googleapis.com/v1/projects/math-resources-53500/services/sqladmin.googleapis.com [none]
[debug] [2026-04-12T01:06:34.714Z] >>> [apiv2][(partial)header] GET https://serviceusage.googleapis.com/v1/projects/math-resources-53500/services/sqladmin.googleapis.com  x-goog-user-project=math-resources-53500
[debug] [2026-04-12T01:06:35.001Z] <<< [apiv2][status] GET https://serviceusage.googleapis.com/v1/projects/math-resources-53500/services/sqladmin.googleapis.com 200
[debug] [2026-04-12T01:06:35.001Z] <<< [apiv2][body] GET https://serviceusage.googleapis.com/v1/projects/math-resources-53500/services/sqladmin.googleapis.com [omitted]
[warn] ⚠  dataconnect: missing required API sqladmin.googleapis.com. Enabling now... 
[debug] [2026-04-12T01:06:35.002Z] Checked if tokens are valid: true, expires at: 1775959526780
[debug] [2026-04-12T01:06:35.002Z] Checked if tokens are valid: true, expires at: 1775959526780
[debug] [2026-04-12T01:06:35.002Z] >>> [apiv2][query] POST https://serviceusage.googleapis.com/v1/projects/math-resources-53500/services/sqladmin.googleapis.com:enable [none]
[debug] [2026-04-12T01:06:35.002Z] >>> [apiv2][(partial)header] POST https://serviceusage.googleapis.com/v1/projects/math-resources-53500/services/sqladmin.googleapis.com:enable  x-goog-user-project=math-resources-53500
[debug] [2026-04-12T01:06:35.375Z] <<< [apiv2][status] GET https://serviceusage.googleapis.com/v1/projects/math-resources-53500/services/firebasedataconnect.googleapis.com 200
[debug] [2026-04-12T01:06:35.375Z] <<< [apiv2][body] GET https://serviceusage.googleapis.com/v1/projects/math-resources-53500/services/firebasedataconnect.googleapis.com [omitted]
[warn] ⚠  dataconnect: missing required API firebasedataconnect.googleapis.com. Enabling now... 
[debug] [2026-04-12T01:06:35.375Z] Checked if tokens are valid: true, expires at: 1775959526780
[debug] [2026-04-12T01:06:35.376Z] Checked if tokens are valid: true, expires at: 1775959526780
[debug] [2026-04-12T01:06:35.376Z] >>> [apiv2][query] POST https://serviceusage.googleapis.com/v1/projects/math-resources-53500/services/firebasedataconnect.googleapis.com:enable [none]
[debug] [2026-04-12T01:06:35.376Z] >>> [apiv2][(partial)header] POST https://serviceusage.googleapis.com/v1/projects/math-resources-53500/services/firebasedataconnect.googleapis.com:enable  x-goog-user-project=math-resources-53500
[debug] [2026-04-12T01:06:35.477Z] <<< [apiv2][status] POST https://serviceusage.googleapis.com/v1/projects/math-resources-53500/services/sqladmin.googleapis.com:enable 200
[debug] [2026-04-12T01:06:35.477Z] <<< [apiv2][body] POST https://serviceusage.googleapis.com/v1/projects/math-resources-53500/services/sqladmin.googleapis.com:enable [omitted]
[debug] [2026-04-12T01:06:35.870Z] <<< [apiv2][status] POST https://serviceusage.googleapis.com/v1/projects/math-resources-53500/services/firebasedataconnect.googleapis.com:enable 200
[debug] [2026-04-12T01:06:35.870Z] <<< [apiv2][body] POST https://serviceusage.googleapis.com/v1/projects/math-resources-53500/services/firebasedataconnect.googleapis.com:enable [omitted]
[debug] [2026-04-12T01:06:45.879Z] Checked if tokens are valid: true, expires at: 1775959526780
[debug] [2026-04-12T01:06:45.880Z] Checked if tokens are valid: true, expires at: 1775959526780
[debug] [2026-04-12T01:06:45.880Z] >>> [apiv2][query] GET https://firebasedataconnect.googleapis.com/v1/projects/math-resources-53500/locations/-/services [none]
[debug] [2026-04-12T01:06:46.741Z] <<< [apiv2][status] GET https://firebasedataconnect.googleapis.com/v1/projects/math-resources-53500/locations/-/services 200
[debug] [2026-04-12T01:06:46.742Z] <<< [apiv2][body] GET https://firebasedataconnect.googleapis.com/v1/projects/math-resources-53500/locations/-/services {}
[info] i  : ensuring required API cloudaicompanion.googleapis.com is enabled... 
[debug] [2026-04-12T01:06:56.646Z] Checked if tokens are valid: true, expires at: 1775959526780
[debug] [2026-04-12T01:06:56.647Z] Checked if tokens are valid: true, expires at: 1775959526780
[debug] [2026-04-12T01:06:56.647Z] >>> [apiv2][query] GET https://serviceusage.googleapis.com/v1/projects/math-resources-53500/services/cloudaicompanion.googleapis.com [none]
[debug] [2026-04-12T01:06:56.647Z] >>> [apiv2][(partial)header] GET https://serviceusage.googleapis.com/v1/projects/math-resources-53500/services/cloudaicompanion.googleapis.com  x-goog-user-project=math-resources-53500
[debug] [2026-04-12T01:06:57.193Z] <<< [apiv2][status] GET https://serviceusage.googleapis.com/v1/projects/math-resources-53500/services/cloudaicompanion.googleapis.com 200
[debug] [2026-04-12T01:06:57.193Z] <<< [apiv2][body] GET https://serviceusage.googleapis.com/v1/projects/math-resources-53500/services/cloudaicompanion.googleapis.com [omitted]
[info] ✔  : required API cloudaicompanion.googleapis.com is enabled 
[debug] [2026-04-12T01:07:21.951Z] Checked if tokens are valid: true, expires at: 1775959526780
[debug] [2026-04-12T01:07:21.951Z] Checked if tokens are valid: true, expires at: 1775959526780
[debug] [2026-04-12T01:07:21.951Z] >>> [apiv2][query] GET https://cloudbilling.googleapis.com/v1/projects/math-resources-53500/billingInfo [none]
[debug] [2026-04-12T01:07:22.220Z] <<< [apiv2][status] GET https://cloudbilling.googleapis.com/v1/projects/math-resources-53500/billingInfo 200
[debug] [2026-04-12T01:07:22.221Z] <<< [apiv2][body] GET https://cloudbilling.googleapis.com/v1/projects/math-resources-53500/billingInfo {"name":"projects/math-resources-53500/billingInfo","projectId":"math-resources-53500","billingAccountName":"","billingEnabled":false}
[debug] [2026-04-12T01:07:22.222Z] Checked if tokens are valid: true, expires at: 1775959526780
[debug] [2026-04-12T01:07:22.222Z] Checked if tokens are valid: true, expires at: 1775959526780
[debug] [2026-04-12T01:07:22.223Z] >>> [apiv2][query] GET https://monitoring.googleapis.com/v3/projects/math-resources-53500/timeSeries/ filter=metric.type%3D%22serviceruntime.googleapis.com%2Fquota%2Fallocation%2Fusage%22+AND+metric.label.quota_metric+%3D+%22sqladmin.googleapis.com%2Ffdc_lifetime_free_trial_per_project%22&interval.endTime=2026-04-12T01%3A07%3A22.222Z&interval.startTime=2026-04-05T01%3A07%3A22.221Z
[debug] [2026-04-12T01:07:23.329Z] <<< [apiv2][status] GET https://monitoring.googleapis.com/v3/projects/math-resources-53500/timeSeries/ 200
[debug] [2026-04-12T01:07:23.329Z] <<< [apiv2][body] GET https://monitoring.googleapis.com/v3/projects/math-resources-53500/timeSeries/ {"unit":"1"}
[info] ✔  dataconnect: CloudSQL no cost trial available! 
[debug] [2026-04-12T01:07:23.330Z] Checked if tokens are valid: true, expires at: 1775959526780
[debug] [2026-04-12T01:07:23.330Z] Checked if tokens are valid: true, expires at: 1775959526780
[debug] [2026-04-12T01:07:23.331Z] >>> [apiv2][query] GET https://sqladmin.googleapis.com/v1/projects/math-resources-53500/instances [none]
[debug] [2026-04-12T01:07:23.810Z] <<< [apiv2][status] GET https://sqladmin.googleapis.com/v1/projects/math-resources-53500/instances 200
[debug] [2026-04-12T01:07:23.810Z] <<< [apiv2][body] GET https://sqladmin.googleapis.com/v1/projects/math-resources-53500/instances {}
[debug] [2026-04-12T01:07:23.811Z] Checked if tokens are valid: true, expires at: 1775959526780
[debug] [2026-04-12T01:07:23.811Z] Checked if tokens are valid: true, expires at: 1775959526780
[debug] [2026-04-12T01:07:23.811Z] >>> [apiv2][query] GET https://firebasedataconnect.googleapis.com/v1/projects/math-resources-53500/locations [none]
[debug] [2026-04-12T01:07:24.388Z] <<< [apiv2][status] GET https://firebasedataconnect.googleapis.com/v1/projects/math-resources-53500/locations 200
[debug] [2026-04-12T01:07:24.388Z] <<< [apiv2][body] GET https://firebasedataconnect.googleapis.com/v1/projects/math-resources-53500/locations {"locations":[{"name":"projects/math-resources-53500/locations/asia-east1","locationId":"asia-east1","displayName":"Taiwan"},{"name":"projects/math-resources-53500/locations/asia-east2","locationId":"asia-east2","displayName":"Hong Kong"},{"name":"projects/math-resources-53500/locations/asia-northeast1","locationId":"asia-northeast1","displayName":"Tokyo"},{"name":"projects/math-resources-53500/locations/asia-northeast2","locationId":"asia-northeast2","displayName":"Osaka"},{"name":"projects/math-resources-53500/locations/asia-northeast3","locationId":"asia-northeast3","displayName":"Seoul"},{"name":"projects/math-resources-53500/locations/asia-south1","locationId":"asia-south1","displayName":"Mumbai"},{"name":"projects/math-resources-53500/locations/asia-southeast1","locationId":"asia-southeast1","displayName":"Singapore"},{"name":"projects/math-resources-53500/locations/asia-southeast2","locationId":"asia-southeast2","displayName":"Jakarta"},{"name":"projects/math-resources-53500/locations/australia-southeast1","locationId":"australia-southeast1","displayName":"Sydney"},{"name":"projects/math-resources-53500/locations/australia-southeast2","locationId":"australia-southeast2","displayName":"Melbourne"},{"name":"projects/math-resources-53500/locations/europe-central2","locationId":"europe-central2","displayName":"Warsaw"},{"name":"projects/math-resources-53500/locations/europe-north1","locationId":"europe-north1","displayName":"Finland"},{"name":"projects/math-resources-53500/locations/europe-southwest1","locationId":"europe-southwest1","displayName":"Madrid"},{"name":"projects/math-resources-53500/locations/europe-west1","locationId":"europe-west1","displayName":"Belgium"},{"name":"projects/math-resources-53500/locations/europe-west2","locationId":"europe-west2","displayName":"London"},{"name":"projects/math-resources-53500/locations/europe-west3","locationId":"europe-west3","displayName":"Frankfurt"},{"name":"projects/math-resources-53500/locations/europe-west4","locationId":"europe-west4","displayName":"Netherlands"},{"name":"projects/math-resources-53500/locations/europe-west6","locationId":"europe-west6","displayName":"Zurich"},{"name":"projects/math-resources-53500/locations/europe-west8","locationId":"europe-west8","displayName":"Milan"},{"name":"projects/math-resources-53500/locations/europe-west9","locationId":"europe-west9","displayName":"Paris"},{"name":"projects/math-resources-53500/locations/me-west1","locationId":"me-west1","displayName":"Tel Aviv"},{"name":"projects/math-resources-53500/locations/northamerica-northeast1","locationId":"northamerica-northeast1","displayName":"Montréal"},{"name":"projects/math-resources-53500/locations/northamerica-northeast2","locationId":"northamerica-northeast2","displayName":"Toronto"},{"name":"projects/math-resources-53500/locations/southamerica-east1","locationId":"southamerica-east1","displayName":"São Paulo"},{"name":"projects/math-resources-53500/locations/southamerica-west1","locationId":"southamerica-west1","displayName":"Santiago"},{"name":"projects/math-resources-53500/locations/us-central1","locationId":"us-central1","displayName":"Iowa"},{"name":"projects/math-resources-53500/locations/us-east1","locationId":"us-east1","displayName":"South Carolina"},{"name":"projects/math-resources-53500/locations/us-east4","locationId":"us-east4","displayName":"Northern Virginia"},{"name":"projects/math-resources-53500/locations/us-south1","locationId":"us-south1","displayName":"Dallas"},{"name":"projects/math-resources-53500/locations/us-west1","locationId":"us-west1","displayName":"Oregon"},{"name":"projects/math-resources-53500/locations/us-west2","locationId":"us-west2","displayName":"Los Angeles"},{"name":"projects/math-resources-53500/locations/us-west3","locationId":"us-west3","displayName":"Salt Lake City"},{"name":"projects/math-resources-53500/locations/us-west4","locationId":"us-west4","displayName":"Las Vegas"}]}
[warn] ⚠  dataconnect: Cannot detect an existing app in the current directory. 
[debug] [2026-04-12T01:07:43.842Z] Checked if tokens are valid: true, expires at: 1775959526780
[debug] [2026-04-12T01:07:43.843Z] Checked if tokens are valid: true, expires at: 1775959526780
[debug] [2026-04-12T01:07:43.843Z] >>> [apiv2][query] POST https://firebasedataconnect.googleapis.com/v1/projects/math-resources-53500/locations/us-west1/services service_id=ridgway-math-resources
[debug] [2026-04-12T01:07:43.843Z] >>> [apiv2][body] POST https://firebasedataconnect.googleapis.com/v1/projects/math-resources-53500/locations/us-west1/services {"name":"projects/math-resources-53500/locations/us-west1/services/ridgway-math-resources"}
[debug] [2026-04-12T01:07:45.488Z] <<< [apiv2][status] POST https://firebasedataconnect.googleapis.com/v1/projects/math-resources-53500/locations/us-west1/services 200
[debug] [2026-04-12T01:07:45.488Z] <<< [apiv2][body] POST https://firebasedataconnect.googleapis.com/v1/projects/math-resources-53500/locations/us-west1/services {"name":"projects/math-resources-53500/locations/us-west1/operations/operation-1775956064125-64f38fe56c0c1-d4fc8252-afbc9897","metadata":{"@type":"type.googleapis.com/google.firebase.dataconnect.v1.OperationMetadata","createTime":"2026-04-12T01:07:45.416114141Z","target":"projects/math-resources-53500/locations/us-west1/services/ridgway-math-resources","verb":"create","requestedCancellation":false,"apiVersion":"v1"},"done":false}
[debug] [2026-04-12T01:07:45.490Z] Checked if tokens are valid: true, expires at: 1775959526780
[debug] [2026-04-12T01:07:45.490Z] Checked if tokens are valid: true, expires at: 1775959526780
[debug] [2026-04-12T01:07:45.490Z] >>> [apiv2][query] GET https://firebasedataconnect.googleapis.com/v1/projects/math-resources-53500/locations/us-west1/operations/operation-1775956064125-64f38fe56c0c1-d4fc8252-afbc9897 [none]
[debug] [2026-04-12T01:07:45.592Z] <<< [apiv2][status] GET https://firebasedataconnect.googleapis.com/v1/projects/math-resources-53500/locations/us-west1/operations/operation-1775956064125-64f38fe56c0c1-d4fc8252-afbc9897 200
[debug] [2026-04-12T01:07:45.592Z] <<< [apiv2][body] GET https://firebasedataconnect.googleapis.com/v1/projects/math-resources-53500/locations/us-west1/operations/operation-1775956064125-64f38fe56c0c1-d4fc8252-afbc9897 {"name":"projects/math-resources-53500/locations/us-west1/operations/operation-1775956064125-64f38fe56c0c1-d4fc8252-afbc9897","metadata":{"@type":"type.googleapis.com/google.firebase.dataconnect.v1.OperationMetadata","createTime":"2026-04-12T01:07:45.416114141Z","target":"projects/math-resources-53500/locations/us-west1/services/ridgway-math-resources","verb":"create","requestedCancellation":false,"apiVersion":"v1"},"done":false}
[debug] [2026-04-12T01:07:46.094Z] [LRO Poller] Retrying task index 0
[debug] [2026-04-12T01:07:46.095Z] Checked if tokens are valid: true, expires at: 1775959526780
[debug] [2026-04-12T01:07:46.095Z] Checked if tokens are valid: true, expires at: 1775959526780
[debug] [2026-04-12T01:07:46.095Z] >>> [apiv2][query] GET https://firebasedataconnect.googleapis.com/v1/projects/math-resources-53500/locations/us-west1/operations/operation-1775956064125-64f38fe56c0c1-d4fc8252-afbc9897 [none]
[debug] [2026-04-12T01:07:46.197Z] <<< [apiv2][status] GET https://firebasedataconnect.googleapis.com/v1/projects/math-resources-53500/locations/us-west1/operations/operation-1775956064125-64f38fe56c0c1-d4fc8252-afbc9897 200
[debug] [2026-04-12T01:07:46.198Z] <<< [apiv2][body] GET https://firebasedataconnect.googleapis.com/v1/projects/math-resources-53500/locations/us-west1/operations/operation-1775956064125-64f38fe56c0c1-d4fc8252-afbc9897 {"name":"projects/math-resources-53500/locations/us-west1/operations/operation-1775956064125-64f38fe56c0c1-d4fc8252-afbc9897","metadata":{"@type":"type.googleapis.com/google.firebase.dataconnect.v1.OperationMetadata","createTime":"2026-04-12T01:07:45.416114141Z","target":"projects/math-resources-53500/locations/us-west1/services/ridgway-math-resources","verb":"create","requestedCancellation":false,"apiVersion":"v1"},"done":false}
[debug] [2026-04-12T01:07:47.199Z] [LRO Poller] Retrying task index 0
[debug] [2026-04-12T01:07:47.200Z] Checked if tokens are valid: true, expires at: 1775959526780
[debug] [2026-04-12T01:07:47.201Z] Checked if tokens are valid: true, expires at: 1775959526780
[debug] [2026-04-12T01:07:47.201Z] >>> [apiv2][query] GET https://firebasedataconnect.googleapis.com/v1/projects/math-resources-53500/locations/us-west1/operations/operation-1775956064125-64f38fe56c0c1-d4fc8252-afbc9897 [none]
[debug] [2026-04-12T01:07:47.256Z] <<< [apiv2][status] GET https://firebasedataconnect.googleapis.com/v1/projects/math-resources-53500/locations/us-west1/operations/operation-1775956064125-64f38fe56c0c1-d4fc8252-afbc9897 200
[debug] [2026-04-12T01:07:47.256Z] <<< [apiv2][body] GET https://firebasedataconnect.googleapis.com/v1/projects/math-resources-53500/locations/us-west1/operations/operation-1775956064125-64f38fe56c0c1-d4fc8252-afbc9897 {"name":"projects/math-resources-53500/locations/us-west1/operations/operation-1775956064125-64f38fe56c0c1-d4fc8252-afbc9897","metadata":{"@type":"type.googleapis.com/google.firebase.dataconnect.v1.OperationMetadata","createTime":"2026-04-12T01:07:45.416114141Z","endTime":"2026-04-12T01:07:46.780348492Z","target":"projects/math-resources-53500/locations/us-west1/services/ridgway-math-resources","verb":"create","requestedCancellation":false,"apiVersion":"v1"},"done":true,"response":{"@type":"type.googleapis.com/google.firebase.dataconnect.v1.Service","name":"projects/math-resources-53500/locations/us-west1/services/ridgway-math-resources","createTime":"2026-04-12T01:07:45.412069138Z","updateTime":"2026-04-12T01:07:45.412069138Z","uid":"6ed3a786-922e-444c-8367-64a85bb499d5","reconciling":false,"etag":"zxIyXzD4ITR-S2GDlANZA_0lVQ2cO2fqqcYSb7svf_Y"}}
[debug] [2026-04-12T01:07:47.261Z] Checked if tokens are valid: true, expires at: 1775959526780
[debug] [2026-04-12T01:07:47.262Z] Checked if tokens are valid: true, expires at: 1775959526780
[debug] [2026-04-12T01:07:47.262Z] >>> [apiv2][query] POST https://cloudaicompanion.googleapis.com/v1beta/projects/math-resources-53500/locations/global/instances/default:completeTask [none]
[debug] [2026-04-12T01:07:47.262Z] >>> [apiv2][body] POST https://cloudaicompanion.googleapis.com/v1beta/projects/math-resources-53500/locations/global/instances/default:completeTask {"input":{"messages":[{"content":"This is a quarto website built for an interactive math website","author":"USER"}]},"experienceContext":{"experience":"/appeco/firebase/fdc-schema-generator"}}
[debug] [2026-04-12T01:07:55.663Z] <<< [apiv2][status] POST https://cloudaicompanion.googleapis.com/v1beta/projects/math-resources-53500/locations/global/instances/default:completeTask 200
[debug] [2026-04-12T01:07:55.663Z] <<< [apiv2][body] POST https://cloudaicompanion.googleapis.com/v1beta/projects/math-resources-53500/locations/global/instances/default:completeTask {"output":{"messages":[{"content":"```graphql\ntype User @table {\n  displayName: String!\n  createdAt: Timestamp!\n  email: String\n  photoUrl: String\n}\n\ntype Topic @table {\n  name: String!\n  createdAt: Timestamp!\n  description: String\n  # prerequisites: [Topic] # Not supported\n}\n\ntype Lesson @table {\n  topic: Topic!\n  title: String!\n  content: String!\n  orderInTopic: Int!\n  difficultyLevel: String\n}\n\ntype Exercise @table {\n  lesson: Lesson!\n  topic: Topic!\n  question: String!\n  answer: String!\n  type: String!\n  difficulty: String!\n  hints: String\n  explanation: String\n}\n\ntype UserProgress @table {\n  user: User!\n  lesson: Lesson\n  exercise: Exercise\n  completionStatus: String!\n  lastAttemptedAt: Timestamp!\n  score: Int\n  timeSpent: Int\n}\n\ntype UserNote @table {\n  user: User!\n  topic: Topic\n  lesson: Lesson\n  content: String!\n  createdAt: Timestamp!\n  updatedAt: Timestamp!\n  title: String\n}\n\ntype TopicPrerequisite @table(key: [\"topic\", \"prerequisite\"]) {\n  topic: Topic!\n  prerequisite: Topic!\n}\n```\n"}]},"displayContext":{"additionalContext":{"@type":"type.googleapis.com/google.cloud.cloudaicompanion.v1main.FirebaseChatDisplayContext","firebaseFdcDisplayContext":{"schemaSyntaxError":""}}}}
[debug] [2026-04-12T01:07:55.666Z] Checked if tokens are valid: true, expires at: 1775959526780
[debug] [2026-04-12T01:07:55.666Z] Checked if tokens are valid: true, expires at: 1775959526780
[debug] [2026-04-12T01:07:55.666Z] >>> [apiv2][query] PATCH https://firebasedataconnect.googleapis.com/v1/projects/math-resources-53500/locations/us-west1/services/ridgway-math-resources/schemas/main allowMissing=true&validateOnly=false
[debug] [2026-04-12T01:07:55.666Z] >>> [apiv2][body] PATCH https://firebasedataconnect.googleapis.com/v1/projects/math-resources-53500/locations/us-west1/services/ridgway-math-resources/schemas/main {"name":"projects/math-resources-53500/locations/us-west1/services/ridgway-math-resources/schemas/main","datasources":[{"postgresql":{}}],"source":{"files":[{"path":"schema.gql","content":"type User @table {\n  displayName: String!\n  createdAt: Timestamp!\n  email: String\n  photoUrl: String\n}\n\ntype Topic @table {\n  name: String!\n  createdAt: Timestamp!\n  description: String\n  # prerequisites: [Topic] # Not supported\n}\n\ntype Lesson @table {\n  topic: Topic!\n  title: String!\n  content: String!\n  orderInTopic: Int!\n  difficultyLevel: String\n}\n\ntype Exercise @table {\n  lesson: Lesson!\n  topic: Topic!\n  question: String!\n  answer: String!\n  type: String!\n  difficulty: String!\n  hints: String\n  explanation: String\n}\n\ntype UserProgress @table {\n  user: User!\n  lesson: Lesson\n  exercise: Exercise\n  completionStatus: String!\n  lastAttemptedAt: Timestamp!\n  score: Int\n  timeSpent: Int\n}\n\ntype UserNote @table {\n  user: User!\n  topic: Topic\n  lesson: Lesson\n  content: String!\n  createdAt: Timestamp!\n  updatedAt: Timestamp!\n  title: String\n}\n\ntype TopicPrerequisite @table(key: [\"topic\", \"prerequisite\"]) {\n  topic: Topic!\n  prerequisite: Topic!\n}"}]}}
[debug] [2026-04-12T01:07:55.955Z] <<< [apiv2][status] PATCH https://firebasedataconnect.googleapis.com/v1/projects/math-resources-53500/locations/us-west1/services/ridgway-math-resources/schemas/main 200
[debug] [2026-04-12T01:07:55.955Z] <<< [apiv2][body] PATCH https://firebasedataconnect.googleapis.com/v1/projects/math-resources-53500/locations/us-west1/services/ridgway-math-resources/schemas/main {"name":"projects/math-resources-53500/locations/us-west1/operations/operation-1775956075932-64f38ff0aea82-1f439721-9cbbd822","metadata":{"@type":"type.googleapis.com/google.firebase.dataconnect.v1.OperationMetadata","createTime":"2026-04-12T01:07:55.966437765Z","target":"projects/math-resources-53500/locations/us-west1/services/ridgway-math-resources/schemas/main","verb":"update","requestedCancellation":false,"apiVersion":"v1"},"done":false}
[debug] [2026-04-12T01:07:55.956Z] Checked if tokens are valid: true, expires at: 1775959526780
[debug] [2026-04-12T01:07:55.956Z] Checked if tokens are valid: true, expires at: 1775959526780
[debug] [2026-04-12T01:07:55.956Z] >>> [apiv2][query] GET https://firebasedataconnect.googleapis.com/v1/projects/math-resources-53500/locations/us-west1/operations/operation-1775956075932-64f38ff0aea82-1f439721-9cbbd822 [none]
[debug] [2026-04-12T01:07:56.020Z] <<< [apiv2][status] GET https://firebasedataconnect.googleapis.com/v1/projects/math-resources-53500/locations/us-west1/operations/operation-1775956075932-64f38ff0aea82-1f439721-9cbbd822 200
[debug] [2026-04-12T01:07:56.020Z] <<< [apiv2][body] GET https://firebasedataconnect.googleapis.com/v1/projects/math-resources-53500/locations/us-west1/operations/operation-1775956075932-64f38ff0aea82-1f439721-9cbbd822 {"name":"projects/math-resources-53500/locations/us-west1/operations/operation-1775956075932-64f38ff0aea82-1f439721-9cbbd822","metadata":{"@type":"type.googleapis.com/google.firebase.dataconnect.v1.OperationMetadata","createTime":"2026-04-12T01:07:55.966437765Z","target":"projects/math-resources-53500/locations/us-west1/services/ridgway-math-resources/schemas/main","verb":"update","requestedCancellation":false,"apiVersion":"v1"},"done":false}
[debug] [2026-04-12T01:07:56.521Z] [LRO Poller] Retrying task index 0
[debug] [2026-04-12T01:07:56.522Z] Checked if tokens are valid: true, expires at: 1775959526780
[debug] [2026-04-12T01:07:56.522Z] Checked if tokens are valid: true, expires at: 1775959526780
[debug] [2026-04-12T01:07:56.522Z] >>> [apiv2][query] GET https://firebasedataconnect.googleapis.com/v1/projects/math-resources-53500/locations/us-west1/operations/operation-1775956075932-64f38ff0aea82-1f439721-9cbbd822 [none]
[debug] [2026-04-12T01:07:56.586Z] <<< [apiv2][status] GET https://firebasedataconnect.googleapis.com/v1/projects/math-resources-53500/locations/us-west1/operations/operation-1775956075932-64f38ff0aea82-1f439721-9cbbd822 200
[debug] [2026-04-12T01:07:56.586Z] <<< [apiv2][body] GET https://firebasedataconnect.googleapis.com/v1/projects/math-resources-53500/locations/us-west1/operations/operation-1775956075932-64f38ff0aea82-1f439721-9cbbd822 {"name":"projects/math-resources-53500/locations/us-west1/operations/operation-1775956075932-64f38ff0aea82-1f439721-9cbbd822","metadata":{"@type":"type.googleapis.com/google.firebase.dataconnect.v1.OperationMetadata","createTime":"2026-04-12T01:07:55.966437765Z","endTime":"2026-04-12T01:07:56.175773944Z","target":"projects/math-resources-53500/locations/us-west1/services/ridgway-math-resources/schemas/main","verb":"update","requestedCancellation":false,"apiVersion":"v1"},"done":true,"response":{"@type":"type.googleapis.com/google.firebase.dataconnect.v1.Schema","name":"projects/math-resources-53500/locations/us-west1/services/ridgway-math-resources/schemas/main","createTime":"2026-04-12T01:07:55.960280787Z","updateTime":"2026-04-12T01:07:55.960280787Z","source":{"files":[{"path":"schema.gql","content":"type User @table {\n  displayName: String!\n  createdAt: Timestamp!\n  email: String\n  photoUrl: String\n}\n\ntype Topic @table {\n  name: String!\n  createdAt: Timestamp!\n  description: String\n  # prerequisites: [Topic] # Not supported\n}\n\ntype Lesson @table {\n  topic: Topic!\n  title: String!\n  content: String!\n  orderInTopic: Int!\n  difficultyLevel: String\n}\n\ntype Exercise @table {\n  lesson: Lesson!\n  topic: Topic!\n  question: String!\n  answer: String!\n  type: String!\n  difficulty: String!\n  hints: String\n  explanation: String\n}\n\ntype UserProgress @table {\n  user: User!\n  lesson: Lesson\n  exercise: Exercise\n  completionStatus: String!\n  lastAttemptedAt: Timestamp!\n  score: Int\n  timeSpent: Int\n}\n\ntype UserNote @table {\n  user: User!\n  topic: Topic\n  lesson: Lesson\n  content: String!\n  createdAt: Timestamp!\n  updatedAt: Timestamp!\n  title: String\n}\n\ntype TopicPrerequisite @table(key: [\"topic\", \"prerequisite\"]) {\n  topic: Topic!\n  prerequisite: Topic!\n}"}]},"uid":"725bc397-169e-49f5-96a0-abe6513b11d9","reconciling":false,"datasources":[{"postgresql":{"ephemeral":true}}],"etag":"m2d_hsfeLVlNGmPD_KwXx9nQodPTkT0iiZiU5Bj5UDw"}}
[debug] [2026-04-12T01:07:56.587Z] Checked if tokens are valid: true, expires at: 1775959526780
[debug] [2026-04-12T01:07:56.587Z] Checked if tokens are valid: true, expires at: 1775959526780
[debug] [2026-04-12T01:07:56.587Z] Checked if tokens are valid: true, expires at: 1775959526780
[debug] [2026-04-12T01:07:56.587Z] Checked if tokens are valid: true, expires at: 1775959526780
[debug] [2026-04-12T01:07:56.587Z] >>> [apiv2][query] POST https://cloudaicompanion.googleapis.com/v1beta/projects/math-resources-53500/locations/global/instances/default:completeTask [none]
[debug] [2026-04-12T01:07:56.588Z] >>> [apiv2][body] POST https://cloudaicompanion.googleapis.com/v1beta/projects/math-resources-53500/locations/global/instances/default:completeTask {"input":{"messages":[{"content":"Create 4 operations for an app using the instance schema with proper authentication.","author":"USER"}]},"experienceContext":{"experience":"/appeco/firebase/fdc-query-generator"},"clientContext":{"additionalContext":{"@type":"type.googleapis.com/google.cloud.cloudaicompanion.v1main.FirebaseChatRequestContext","fdcInfo":{"fdcServiceName":"projects/math-resources-53500/locations/us-west1/services/ridgway-math-resources","requiresQuery":true}}}}
[debug] [2026-04-12T01:07:56.588Z] >>> [apiv2][query] POST https://cloudaicompanion.googleapis.com/v1beta/projects/math-resources-53500/locations/global/instances/default:completeTask [none]
[debug] [2026-04-12T01:07:56.588Z] >>> [apiv2][body] POST https://cloudaicompanion.googleapis.com/v1beta/projects/math-resources-53500/locations/global/instances/default:completeTask {"input":{"messages":[{"content":"Create a mutation to populate the database with some seed data.","author":"USER"}]},"experienceContext":{"experience":"/appeco/firebase/fdc-query-generator"},"clientContext":{"additionalContext":{"@type":"type.googleapis.com/google.cloud.cloudaicompanion.v1main.FirebaseChatRequestContext","fdcInfo":{"fdcServiceName":"projects/math-resources-53500/locations/us-west1/services/ridgway-math-resources","requiresQuery":true}}}}
[debug] [2026-04-12T01:08:05.100Z] <<< [apiv2][status] POST https://cloudaicompanion.googleapis.com/v1beta/projects/math-resources-53500/locations/global/instances/default:completeTask 200
[debug] [2026-04-12T01:08:05.101Z] <<< [apiv2][body] POST https://cloudaicompanion.googleapis.com/v1beta/projects/math-resources-53500/locations/global/instances/default:completeTask {"output":{"messages":[{"content":"```graphql\nmutation CreateSeedData @transaction @auth(level: PUBLIC, insecureReason: \"This is a seed mutation and is safe to expose to the public.\") {\n  topic_insertMany(\n    data: [\n      {\n        id: \"a1a1a1a1-a1a1-4a1a-a1a1-a1a1a1a1a1a1\",\n        name: \"Introduction to Algebra\",\n        description: \"Fundamental concepts of algebra.\",\n        createdAt: \"2024-01-15T10:00:00Z\"\n      },\n      {\n        id: \"b2b2b2b2-b2b2-4b2b-b2b2-b2b2b2b2b2b2\",\n        name: \"Geometry Basics\",\n        description: \"Shapes, angles, and spatial reasoning.\",\n        createdAt: \"2024-01-20T11:00:00Z\"\n      },\n      {\n        id: \"c3c3c3c3-c3c3-4c3c-c3c3-c3c3c3c3c3c3\",\n        name: \"Calculus I\",\n        description: \"Limits, derivatives, and integrals.\",\n        createdAt: \"2024-01-25T12:00:00Z\"\n      }\n    ]\n  )\n  lesson_insertMany(\n    data: [\n      {\n        id: \"d4d4d4d4-d4d4-4d4d-d4d4-d4d4d4d4d4d4\",\n        topicId: \"a1a1a1a1-a1a1-4a1a-a1a1-a1a1a1a1a1a1\",\n        title: \"Variables and Expressions\",\n        content: \"Understanding variables and forming algebraic expressions.\",\n        orderInTopic: 1,\n        difficultyLevel: \"Beginner\"\n      },\n      {\n        id: \"e5e5e5e5-e5e5-4e5e-e5e5-e5e5e5e5e5e5\",\n        topicId: \"a1a1a1a1-a1a1-4a1a-a1a1-a1a1a1a1a1a1\",\n        title: \"Solving Linear Equations\",\n        content: \"Step-by-step guide to solving linear equations.\",\n        orderInTopic: 2,\n        difficultyLevel: \"Intermediate\"\n      },\n      {\n        id: \"f6f6f6f6-f6f6-4f6f-f6f6-f6f6f6f6f6f6\",\n        topicId: \"b2b2b2b2-b2b2-4b2b-b2b2-b2b2b2b2b2b2\",\n        title: \"Basic Geometric Shapes\",\n        content: \"Introduction to squares, circles, and triangles.\",\n        orderInTopic: 1,\n        difficultyLevel: \"Beginner\"\n      }\n    ]\n  )\n  exercise_insertMany(\n    data: [\n      {\n        lessonId: \"d4d4d4d4-d4d4-4d4d-d4d4-d4d4d4d4d4d4\",\n        topicId: \"a1a1a1a1-a1a1-4a1a-a1a1-a1a1a1a1a1a1\",\n        question: \"What is 2x + 5 if x = 3?\",\n        answer: \"11\",\n        type: \"Multiple Choice\",\n        difficulty: \"Easy\",\n        hints: \"Substitute the value of x.\",\n        explanation: \"Replace x with 3: 2(3) + 5 = 6 + 5 = 11.\"\n      },\n      {\n        lessonId: \"e5e5e5e5-e5e5-4e5e-e5e5-e5e5e5e5e5e5\",\n        topicId: \"a1a1a1a1-a1a1-4a1a-a1a1-a1a1a1a1a1a1\",\n        question: \"Solve for y: 3y - 7 = 8\",\n        answer: \"5\",\n        type: \"Short Answer\",\n        difficulty: \"Medium\",\n        hints: \"Isolate the variable y.\",\n        explanation: \"Add 7 to both sides: 3y = 15. Divide by 3: y = 5.\"\n      },\n      {\n        lessonId: \"f6f6f6f6-f6f6-4f6f-f6f6-f6f6f6f6f6f6\",\n        topicId: \"b2b2b2b2-b2b2-4b2b-b2b2-b2b2b2b2b2b2\",\n        question: \"How many sides does a triangle have?\",\n        answer: \"3\",\n        type: \"Fill-in-the-blank\",\n        difficulty: \"Easy\",\n        hints: \"Think about the meaning of 'tri'.\",\n        explanation: \"A triangle is a polygon with three edges and three vertices.\"\n      }\n    ]\n  )\n  topicPrerequisite_insertMany(\n    data: [\n      {\n        topicId: \"c3c3c3c3-c3c3-4c3c-c3c3-c3c3c3c3c3c3\",\n        prerequisiteId: \"a1a1a1a1-a1a1-4a1a-a1a1-a1a1a1a1a1a1\"\n      },\n      {\n        topicId: \"c3c3c3c3-c3c3-4c3c-c3c3-c3c3c3c3c3c3\",\n        prerequisiteId: \"b2b2b2b2-b2b2-4b2b-b2b2-b2b2b2b2b2b2\"\n      }\n    ]\n  )\n}\n```","author":"model"}]},"outputDataContext":{"additionalContext":{"@type":"type.googleapis.com/google.cloud.cloudaicompanion.v1main.ChatOutputDataContext","relatedContent":{}}},"attributionContext":{"citationMetadata":{}}}
[debug] [2026-04-12T01:08:11.736Z] <<< [apiv2][status] POST https://cloudaicompanion.googleapis.com/v1beta/projects/math-resources-53500/locations/global/instances/default:completeTask 500
[debug] [2026-04-12T01:08:11.737Z] <<< [apiv2][body] POST https://cloudaicompanion.googleapis.com/v1beta/projects/math-resources-53500/locations/global/instances/default:completeTask {"error":{"code":500,"message":"Internal error encountered.","status":"INTERNAL"}}
[error] ⬢  dataconnect: Operation Generation failed... 
[info] ✔  Wrote dataconnect/dataconnect.yaml 
[info] ✔  Wrote dataconnect/schema/schema.gql 
[error] 
[error] Error: Request to https://cloudaicompanion.googleapis.com/v1beta/projects/math-resources-53500/locations/global/instances/default:completeTask had HTTP Error: 500, Internal error encountered.
[debug] [2026-04-12T01:08:11.859Z] Error Context: {
  "body": {
    "error": {
      "code": 500,
      "message": "Internal error encountered.",
      "status": "INTERNAL"
    }
  },
  "response": {
    "statusCode": 500
  }
}
